Command line: /home/ubuntu/virus_team/spades/SPAdes-3.10.1-Linux/bin/spades.py	--only-assembler	-k	27,21	-s	/home/ubuntu/virus_team/Virus_Domains/Virom_SNIFF/SRR1553459_virus.fastq	-o	/home/ubuntu/virus_team/Virus_Domains/Virom_SNIFF/SRR1553459_contig	

System information:
  SPAdes version: 3.10.1
  Python version: 2.7.12
  OS: Linux-4.4.0-1018-aws-x86_64-with-Ubuntu-16.04-xenial

Output dir: /home/ubuntu/virus_team/Virus_Domains/Virom_SNIFF/SRR1553459_contig
Mode: ONLY assembling (without read error correction)
Debug mode is turned OFF

Dataset parameters:
  Multi-cell mode (you should set '--sc' flag if input data was obtained with MDA (single-cell) technology or --meta flag if processing metagenomic dataset)
  Reads:
    Library number: 1, library type: single
      left reads: not specified
      right reads: not specified
      interlaced reads: not specified
      single reads: ['/home/ubuntu/virus_team/Virus_Domains/Virom_SNIFF/SRR1553459_virus.fastq']
Assembly parameters:
  k: [27, 21]
  Repeat resolution is enabled
  Mismatch careful mode is turned OFF
  MismatchCorrector will be SKIPPED
  Coverage cutoff is turned OFF
Other parameters:
  Dir for temp files: /home/ubuntu/virus_team/Virus_Domains/Virom_SNIFF/SRR1553459_contig/tmp
  Threads: 16
  Memory limit (in Gb): 62


======= SPAdes pipeline started. Log can be found here: /home/ubuntu/virus_team/Virus_Domains/Virom_SNIFF/SRR1553459_contig/spades.log


===== Assembling started.


== Running assembler: K21

  0:00:00.000     4M / 4M    INFO    General                 (main.cpp                  :  75)   Loading config from /home/ubuntu/virus_team/Virus_Domains/Virom_SNIFF/SRR1553459_contig/K21/configs/config.info
  0:00:00.000     4M / 4M    INFO    General                 (memory_limit.hpp          :  47)   Memory limit set to 62 Gb
  0:00:00.000     4M / 4M    INFO    General                 (main.cpp                  :  88)   Starting SPAdes, built from N/A, git revision N/A
  0:00:00.000     4M / 4M    INFO    General                 (main.cpp                  :  89)   Maximum k-mer length: 128
  0:00:00.000     4M / 4M    INFO    General                 (main.cpp                  :  90)   Assembling dataset (/home/ubuntu/virus_team/Virus_Domains/Virom_SNIFF/SRR1553459_contig/dataset.info) with K=21
  0:00:00.000     4M / 4M    INFO    General                 (launch.hpp                :  51)   SPAdes started
  0:00:00.000     4M / 4M    INFO    General                 (launch.hpp                :  58)   Starting from stage: construction
  0:00:00.000     4M / 4M    INFO    General                 (launch.hpp                :  61)   Two-step RR enabled: 0
  0:00:00.000     4M / 4M    INFO   StageManager             (stage.cpp                 : 126)   STAGE == Construction
  0:00:00.000     4M / 4M    INFO    General                 (read_converter.hpp        :  84)   Converting reads to binary format for library #0 (takes a while)
  0:00:00.000     4M / 4M    INFO    General                 (read_converter.hpp        :  85)   Converting paired reads
  0:00:00.048    68M / 72M   INFO    General                 (binary_converter.hpp      : 159)   0 reads written
  0:00:00.048     4M / 72M   INFO    General                 (read_converter.hpp        :  94)   Converting single reads
  0:00:00.150   132M / 140M  INFO    General                 (binary_converter.hpp      : 159)   0 reads written
  0:00:00.151     4M / 140M  INFO    General                 (graph_construction.hpp    : 120)   Constructing DeBruijn graph for k=21
  0:00:00.151     4M / 140M  INFO    General                 (kmer_splitters.hpp        : 129)   Splitting kmer instances into 256 buckets. This might take a while.
  0:00:00.151     4M / 140M  INFO    General                 (file_limit.hpp            :  30)   Open file limit set to 1024
  0:00:00.151     4M / 140M  INFO    General                 (kmer_index_builder.hpp    : 108)   Memory available for splitting buffers: 1.29159 Gb
  0:00:00.151     4M / 140M  INFO    General                 (kmer_index_builder.hpp    : 116)   Using cell size of 262144
  0:00:26.065     8G / 8G    INFO    General                 (kmer_splitters.hpp        : 159)   Adding contigs from previous K
  0:00:26.110     4M / 8G    INFO    General                 (kmer_splitters.hpp        : 172)   Used 0 reads. Maximum read length 0
  0:00:26.110     4M / 8G    INFO    General                 (kmer_splitters.hpp        : 173)   Average read length nan
  0:00:26.110     4M / 8G    INFO    General                 (kmer_index_builder.hpp    : 252)   Starting k-mer counting.
=== Stack Trace ===
=== Stack Trace ===
=== Stack Trace ===
=== Stack Trace ===
=== Stack Trace ===
=== Stack Trace ===
=== Stack Trace ===
=== Stack Trace ===
=== Stack Trace ===
=== Stack Trace ===
=== Stack Trace ===
=== Stack Trace ===
=== Stack Trace ===
=== Stack Trace ===
=== Stack Trace ===
=== Stack Trace ===
[0x40d903]
[0x4f4e8a]
[0x6799eb]
[0x40d903]
[0x4f4e8a]
[0x6799eb]
[0x680b71]
[0x68a889]
[0x78ca79]
[0x79561d]
[0x7d7689][0x40d903][0x40d903]
[0x4f4e8a]
[0x40d903]
[0x40d903]
[0x4f4e8a]
[0x680b71]
[0x4f4e8a]
[0x6799eb]
[0x680b71][0x6799eb][0x40d903]
[0x40d903]
[0x40d903]Verification of expression 'StreamFile != -1' failed in function 'MMappedReader::MMappedReader(const string&, bool, size_t, off_t, size_t)'. In file '/spades/src/common/io/kmers/mmapped_reader.hpp' on line 85. Message 'open(2) failed. Reason: No such file or directory. Error code: 2. File: /home/ubuntu/virus_team/Virus_Domains/Virom_SNIFF/SRR1553459_contig/tmp/spades_KNyPbP/kmeridx_FexEfS/kmeridx_3Wimy5/kmers.raw.15'.
[0x40d903]
[0x40d903][0x40d903]
[0x6799eb]
[0x680b71]
[0x68a889]
[0x4f4e8a]
Verification of expression 'StreamFile != -1' failed in function 'MMappedReader::MMappedReader(const string&, bool, size_t, off_t, size_t)'. In file '/spades/src/common/io/kmers/mmapped_reader.hpp' on line 85. Message 'open(2) failed. Reason: No such file or directory. Error code: 2. File: /home/ubuntu/virus_team/Virus_Domains/Virom_SNIFF/SRR1553459_contig/tmp/spades_KNyPbP/kmeridx_FexEfS/kmeridx_3Wimy5/kmers.raw.15'.
[0x4f4e8a]
[0x78ca79]
[0x40d903][0x40d903]
[0x4f4e8a][0x4f4e8a][0x4f4e8a][0x68a889][0x68a889][0x6799eb]
[0x78ca79]
[0x680b71][0x6799eb]
[0x4f4e8a]
[0x40d903]
[0x6799eb]spades: /spades/src/common/io/kmers/mmapped_reader.hpp:85: MMappedReader::MMappedReader(const string&, bool, size_t, off_t, size_t): Assertion `StreamFile != -1' failed.
[0x4f4e8a][0x6799eb][0x79561d]
[0x7d7689][0x6799eb][0x4f4e8a]
[0x680b71]
[0x68a889]
[0x78ca79]
[0x79561d]
[0x7d7689]
[0x6799eb]
[0x680b71]
[0x68a889]


== Error ==  system call for: "['/home/ubuntu/virus_team/spades/SPAdes-3.10.1-Linux/bin/spades', '/home/ubuntu/virus_team/Virus_Domains/Virom_SNIFF/SRR1553459_contig/K21/configs/config.info']" finished abnormally, err code: -6

In case you have troubles running SPAdes, you can write to spades.support@cab.spbu.ru
Please provide us with params.txt and spades.log files from the output directory.
